<?xml version="1.0" encoding="utf-8"?><testsuites name="pytest tests"><testsuite name="pytest" errors="0" failures="0" skipped="0" tests="14" time="2.671" timestamp="2026-06-27T21:02:49.794721+00:00" hostname="agent-env-d60ebb00-6a72-4806-a7a5-350c567bbb6a"><testcase classname="backend.tests.test_loyalty_api" name="test_health" time="0.325" /><testcase classname="backend.tests.test_loyalty_api" name="test_admin_login_returns_admin_flag" time="0.278" /><testcase classname="backend.tests.test_loyalty_api" name="test_admin_login_invalid" time="0.274" /><testcase classname="backend.tests.test_loyalty_api" name="test_otp_request_demo_mode_returns_code" time="0.053" /><testcase classname="backend.tests.test_loyalty_api" name="test_otp_verify_creates_or_logs_in" time="0.157" /><testcase classname="backend.tests.test_loyalty_api" name="test_public_menu_returns_items" time="0.048" /><testcase classname="backend.tests.test_loyalty_api" name="test_admin_menu_crud" time="0.508" /><testcase classname="backend.tests.test_loyalty_api" name="test_admin_menu_requires_auth" time="0.045" /><testcase classname="backend.tests.test_loyalty_api" name="test_admin_scan_and_add_pizza_and_redeem" time="0.206" /><testcase classname="backend.tests.test_loyalty_api" name="test_admin_dashboard" time="0.050" /><testcase classname="backend.tests.test_loyalty_api" name="test_public_ads_slides" time="0.264" /><testcase classname="backend.tests.test_loyalty_api" name="test_admin_ad_slide_crud" time="0.296" /><testcase classname="backend.tests.test_loyalty_api" name="test_admin_search_by_phone" time="0.048" /><testcase classname="backend.tests.test_loyalty_api" name="test_admin_search_by_name" time="0.048" /></testsuite></testsuites>